  [4;36;1mSQL (0.0ms)[0m   [0;1mSET NAMES 'utf8'[0m
  [4;35;1mSQL (0.0ms)[0m   [0mSET SQL_AUTO_IS_NULL=0[0m
  [4;36;1mSQL (0.0ms)[0m   [0;1mSHOW TABLES[0m
  [4;35;1mSQL (390.6ms)[0m   [0mCREATE TABLE `schema_migrations` (`version` varchar(255) NOT NULL) ENGINE=InnoDB[0m
  [4;36;1mSQL (31.2ms)[0m   [0;1mSHOW KEYS FROM `schema_migrations`[0m
  [4;35;1mSQL (187.5ms)[0m   [0mCREATE UNIQUE INDEX `unique_schema_migrations` ON `schema_migrations` (`version`)[0m
  [4;36;1mSQL (0.0ms)[0m   [0;1mSHOW TABLES[0m
  [4;35;1mSQL (0.0ms)[0m   [0mSELECT version FROM schema_migrations[0m
Migrating to CreateBlogs (20140605095200)
  [4;36;1mSQL (78.1ms)[0m   [0;1mCREATE TABLE `blogs` (`id` int(11) DEFAULT NULL auto_increment PRIMARY KEY, `name` varchar(255), `title` varchar(255), `content` text, `created_at` datetime, `updated_at` datetime) ENGINE=InnoDB[0m
  [4;35;1mSQL (62.5ms)[0m   [0mINSERT INTO schema_migrations (version) VALUES ('20140605095200')[0m
  [4;36;1mSQL (0.0ms)[0m   [0;1mSHOW TABLES[0m
  [4;35;1mSQL (0.0ms)[0m   [0mSELECT version FROM schema_migrations[0m
  [4;36;1mSQL (15.6ms)[0m   [0;1mSHOW TABLES[0m
  [4;35;1mSQL (15.6ms)[0m   [0mSHOW FIELDS FROM `blogs`[0m
  [4;36;1mSQL (15.6ms)[0m   [0;1mdescribe `blogs`[0m
  [4;35;1mSQL (15.6ms)[0m   [0mSHOW KEYS FROM `blogs`[0m
  [4;36;1mSQL (0.0ms)[0m   [0;1mSET NAMES 'utf8'[0m
  [4;35;1mSQL (0.0ms)[0m   [0mSET SQL_AUTO_IS_NULL=0[0m


Processing BlogsController#index (for 127.0.0.1 at 2014-06-05 15:34:14) [GET]
  [4;36;1mBlog Load (0.0ms)[0m   [0;1mSELECT * FROM `blogs` [0m
Rendering template within layouts/blogs
Rendering blogs/index
Completed in 2828ms (View: 2766, DB: 0) | 200 OK [http://localhost/blogs]
  [4;35;1mSQL (0.0ms)[0m   [0mSET NAMES 'utf8'[0m
  [4;36;1mSQL (0.0ms)[0m   [0;1mSET SQL_AUTO_IS_NULL=0[0m


Processing BlogsController#new (for 127.0.0.1 at 2014-06-05 15:34:20) [GET]
  [4;35;1mBlog Columns (15.6ms)[0m   [0mSHOW FIELDS FROM `blogs`[0m
Rendering template within layouts/blogs
Rendering blogs/new
Completed in 125ms (View: 78, DB: 16) | 200 OK [http://localhost/blogs/new]
  [4;36;1mSQL (0.0ms)[0m   [0;1mSET NAMES 'utf8'[0m
  [4;35;1mSQL (0.0ms)[0m   [0mSET SQL_AUTO_IS_NULL=0[0m


Processing BlogsController#create (for 127.0.0.1 at 2014-06-05 15:34:41) [POST]
  Parameters: {"authenticity_token"=>"7MUvDg7f94PQjCHbwU6x5cTHuCYkZ0VDeuEs6y0YlBY=", "blog"=>{"name"=>"first name", "title"=>"first title", "content"=>"first content"}, "commit"=>"Create"}
  [4;36;1mBlog Columns (15.6ms)[0m   [0;1mSHOW FIELDS FROM `blogs`[0m
  [4;35;1mSQL (0.0ms)[0m   [0mBEGIN[0m
  [4;36;1mBlog Create (140.6ms)[0m   [0;1mINSERT INTO `blogs` (`name`, `title`, `content`, `created_at`, `updated_at`) VALUES('first name', 'first title', 'first content', '2014-06-05 10:04:41', '2014-06-05 10:04:41')[0m
  [4;35;1mSQL (62.5ms)[0m   [0mCOMMIT[0m
Redirected to http://localhost:3000/blogs/1
Completed in 328ms (DB: 219) | 302 Found [http://localhost/blogs]
  [4;36;1mSQL (0.0ms)[0m   [0;1mSET NAMES 'utf8'[0m
  [4;35;1mSQL (0.0ms)[0m   [0mSET SQL_AUTO_IS_NULL=0[0m


Processing BlogsController#show (for 127.0.0.1 at 2014-06-05 15:34:41) [GET]
  Parameters: {"id"=>"1"}
  [4;36;1mBlog Columns (15.6ms)[0m   [0;1mSHOW FIELDS FROM `blogs`[0m
  [4;35;1mBlog Load (78.1ms)[0m   [0mSELECT * FROM `blogs` WHERE (`blogs`.`id` = 1) [0m
Rendering template within layouts/blogs
Rendering blogs/show
Completed in 219ms (View: 62, DB: 94) | 200 OK [http://localhost/blogs/1]
  [4;36;1mSQL (0.0ms)[0m   [0;1mSET NAMES 'utf8'[0m
  [4;35;1mSQL (0.0ms)[0m   [0mSET SQL_AUTO_IS_NULL=0[0m


Processing BlogsController#index (for 127.0.0.1 at 2014-06-05 15:34:44) [GET]
  [4;36;1mBlog Load (0.0ms)[0m   [0;1mSELECT * FROM `blogs` [0m
Rendering template within layouts/blogs
Rendering blogs/index
  [4;35;1mBlog Columns (31.2ms)[0m   [0mSHOW FIELDS FROM `blogs`[0m
Completed in 78ms (View: 31, DB: 31) | 200 OK [http://localhost/blogs]
  [4;36;1mSQL (0.0ms)[0m   [0;1mSET NAMES 'utf8'[0m
  [4;35;1mSQL (0.0ms)[0m   [0mSET SQL_AUTO_IS_NULL=0[0m


Processing BlogsController#new (for 127.0.0.1 at 2014-06-05 15:34:46) [GET]
  [4;36;1mBlog Columns (15.6ms)[0m   [0;1mSHOW FIELDS FROM `blogs`[0m
Rendering template within layouts/blogs
Rendering blogs/new
Completed in 94ms (View: 31, DB: 16) | 200 OK [http://localhost/blogs/new]
  [4;35;1mSQL (0.0ms)[0m   [0mSET NAMES 'utf8'[0m
  [4;36;1mSQL (0.0ms)[0m   [0;1mSET SQL_AUTO_IS_NULL=0[0m


Processing BlogsController#create (for 127.0.0.1 at 2014-06-05 15:35:13) [POST]
  Parameters: {"authenticity_token"=>"7MUvDg7f94PQjCHbwU6x5cTHuCYkZ0VDeuEs6y0YlBY=", "blog"=>{"name"=>"second name", "title"=>"second title", "content"=>"second content"}, "commit"=>"Create"}
  [4;35;1mBlog Columns (46.9ms)[0m   [0mSHOW FIELDS FROM `blogs`[0m
  [4;36;1mSQL (0.0ms)[0m   [0;1mBEGIN[0m
  [4;35;1mBlog Create (0.0ms)[0m   [0mINSERT INTO `blogs` (`name`, `title`, `content`, `created_at`, `updated_at`) VALUES('second name', 'second title', 'second content', '2014-06-05 10:05:13', '2014-06-05 10:05:13')[0m
  [4;36;1mSQL (78.1ms)[0m   [0;1mCOMMIT[0m
Redirected to http://localhost:3000/blogs/2
Completed in 156ms (DB: 125) | 302 Found [http://localhost/blogs]
  [4;35;1mSQL (0.0ms)[0m   [0mSET NAMES 'utf8'[0m
  [4;36;1mSQL (0.0ms)[0m   [0;1mSET SQL_AUTO_IS_NULL=0[0m


Processing BlogsController#show (for 127.0.0.1 at 2014-06-05 15:35:14) [GET]
  Parameters: {"id"=>"2"}
  [4;35;1mBlog Columns (109.4ms)[0m   [0mSHOW FIELDS FROM `blogs`[0m
  [4;36;1mBlog Load (15.6ms)[0m   [0;1mSELECT * FROM `blogs` WHERE (`blogs`.`id` = 2) [0m
Rendering template within layouts/blogs
Rendering blogs/show
Completed in 297ms (View: 16, DB: 125) | 200 OK [http://localhost/blogs/2]
  [4;35;1mSQL (0.0ms)[0m   [0mSET NAMES 'utf8'[0m
  [4;36;1mSQL (0.0ms)[0m   [0;1mSET SQL_AUTO_IS_NULL=0[0m


Processing BlogsController#index (for 127.0.0.1 at 2014-06-05 15:35:17) [GET]
  [4;35;1mBlog Load (0.0ms)[0m   [0mSELECT * FROM `blogs` [0m
Rendering template within layouts/blogs
Rendering blogs/index
  [4;36;1mBlog Columns (0.0ms)[0m   [0;1mSHOW FIELDS FROM `blogs`[0m
Completed in 78ms (View: 16, DB: 0) | 200 OK [http://localhost/blogs]
